<?xml version="1.0" encoding="UTF-8"?>
<!-- Generated by org.testng.reporters.JUnitReportReporter -->
<testsuite skipped="0" hostname="Lingtings-MacBook-Air.local" name="com.cs.ui.test.nb.dashboard.quicktrade.C5508_BtcLtc" tests="1" failures="0" timestamp="02 Aug 2018 16:55:06 GMT" time="163.982" errors="0">
  <testcase name="quickTradeBtcLtc" time="163.982" classname="com.cs.ui.test.nb.dashboard.quicktrade.C5508_BtcLtc"/>
</testsuite> <!-- com.cs.ui.test.nb.dashboard.quicktrade.C5508_BtcLtc -->
