<?xml version="1.0" encoding="UTF-8"?>
<!-- Generated by org.testng.reporters.JUnitReportReporter -->
<testsuite skipped="0" hostname="coinsquare" name="com.cs.ui.test.nb.CTEST" tests="1" failures="0" timestamp="20 Mar 2018 21:00:26 GMT" time="9.801" errors="0">
  <testcase name="testcase1" time="9.801" classname="com.cs.ui.test.nb.CTEST"/>
</testsuite> <!-- com.cs.ui.test.nb.CTEST -->
