<?xml version="1.0" encoding="UTF-8"?>
<!-- Generated by org.testng.reporters.JUnitReportReporter -->
<testsuite skipped="0" hostname="Lingtings-MacBook-Air.local" name="com.cs.ui.test.nb.dashboard.quicktrade.C5505_CadBch" tests="1" failures="0" timestamp="03 Aug 2018 19:43:43 GMT" time="127.500" errors="0">
  <testcase name="quickTradeCadBch" time="127.500" classname="com.cs.ui.test.nb.dashboard.quicktrade.C5505_CadBch"/>
</testsuite> <!-- com.cs.ui.test.nb.dashboard.quicktrade.C5505_CadBch -->
