<?xml version="1.0" encoding="UTF-8"?>
<!-- Generated by org.testng.reporters.JUnitReportReporter -->
<testsuite skipped="0" hostname="cabernet-037" name="com.cs.ui.test.nb.dashboard.quicktrade.C5522_BtcEth" tests="1" failures="0" timestamp="11 May 2018 15:51:13 GMT" time="120.005" errors="0">
  <testcase name="quickTradeBtcLtc" time="120.005" classname="com.cs.ui.test.nb.dashboard.quicktrade.C5522_BtcEth"/>
</testsuite> <!-- com.cs.ui.test.nb.dashboard.quicktrade.C5522_BtcEth -->
