<?xml version="1.0" encoding="UTF-8"?>
<!-- Generated by org.testng.reporters.JUnitReportReporter -->
<testsuite skipped="0" hostname="coinsquresMBP93" name="com.cs.ui.test.nb.webpage.C8896_TradingFees" tests="1" failures="0" timestamp="15 Aug 2018 20:36:59 GMT" time="7.888" errors="0">
  <testcase name="tradingFeesHtml" time="7.888" classname="com.cs.ui.test.nb.webpage.C8896_TradingFees"/>
</testsuite> <!-- com.cs.ui.test.nb.webpage.C8896_TradingFees -->
