<?xml version="1.0" encoding="UTF-8"?>
<!-- Generated by org.testng.reporters.JUnitReportReporter -->
<testsuite skipped="0" hostname="fpatel_desktop" name="com.cs.ui.test.smoke.C3675" tests="1" failures="0" timestamp="05 Apr 2018 16:38:56 GMT" time="32.158" errors="0">
  <testcase name="loginLogout" time="32.158" classname="com.cs.ui.test.smoke.C3675"/>
</testsuite> <!-- com.cs.ui.test.smoke.C3675 -->
