<?xml version="1.0" encoding="UTF-8"?>
<!-- Generated by org.testng.reporters.JUnitReportReporter -->
<testsuite skipped="0" hostname="cabernet-037" name="com.cs.ui.test.nb.dashboard.quicktrade.C5523_BtcBch" tests="1" failures="0" timestamp="11 May 2018 16:04:26 GMT" time="106.333" errors="0">
  <testcase name="quickTradeBtcLtc" time="106.333" classname="com.cs.ui.test.nb.dashboard.quicktrade.C5523_BtcBch"/>
</testsuite> <!-- com.cs.ui.test.nb.dashboard.quicktrade.C5523_BtcBch -->
