<?xml version="1.0" encoding="UTF-8"?>
<!-- Generated by org.testng.reporters.JUnitReportReporter -->
<testsuite skipped="0" hostname="Lingtings-MacBook-Air.local" name="com.cs.ui.test.nb.webpage.C8895_About" tests="1" failures="0" timestamp="16 Aug 2018 20:55:31 GMT" time="21.205" errors="0">
  <testcase name="aboutPageHtml" time="21.205" classname="com.cs.ui.test.nb.webpage.C8895_About"/>
</testsuite> <!-- com.cs.ui.test.nb.webpage.C8895_About -->
