<?xml version="1.0" encoding="UTF-8"?>
<!-- Generated by org.testng.reporters.JUnitReportReporter -->
<testsuite skipped="0" hostname="Lingtings-MacBook-Air.local" name="com.cs.ui.test.nb.dashboard.C5479_loginLogout" tests="1" failures="0" timestamp="16 Jul 2018 15:36:49 GMT" time="10.907" errors="0">
  <testcase name="loginLogout" time="10.907" classname="com.cs.ui.test.nb.dashboard.C5479_loginLogout"/>
</testsuite> <!-- com.cs.ui.test.nb.dashboard.C5479_loginLogout -->
