<?xml version="1.0" encoding="UTF-8"?>
<!-- Generated by org.testng.reporters.JUnitReportReporter -->
<testsuite skipped="0" hostname="park-047" name="com.cs.ui.test.smoke.C5484" tests="1" failures="0" timestamp="04 May 2018 15:08:36 GMT" time="670.116" errors="0">
  <testcase name="quickTradeCadBtc" time="670.116" classname="com.cs.ui.test.smoke.C5484"/>
</testsuite> <!-- com.cs.ui.test.smoke.C5484 -->
