<?xml version="1.0" encoding="UTF-8"?>
<!-- Generated by org.testng.reporters.JUnitReportReporter -->
<testsuite skipped="0" hostname="Lingtings-MacBook-Air.local" name="com.cs.ui.test.nb.webpage.C8894_FundingOptions" tests="1" failures="0" timestamp="14 Aug 2018 18:26:32 GMT" time="12.546" errors="0">
  <testcase name="homePageHtml" time="12.546" classname="com.cs.ui.test.nb.webpage.C8894_FundingOptions"/>
</testsuite> <!-- com.cs.ui.test.nb.webpage.C8894_FundingOptions -->
