<?xml version="1.0" encoding="UTF-8"?>
<!-- Generated by org.testng.reporters.JUnitReportReporter -->
<testsuite skipped="0" hostname="Lingtings-MacBook-Air.local" name="com.cs.ui.test.nb.dashboard.quicktrade.C5503_CadLtc" tests="1" failures="0" timestamp="03 Aug 2018 16:24:46 GMT" time="143.753" errors="0">
  <testcase name="quickTradeCadLtc" time="143.753" classname="com.cs.ui.test.nb.dashboard.quicktrade.C5503_CadLtc"/>
</testsuite> <!-- com.cs.ui.test.nb.dashboard.quicktrade.C5503_CadLtc -->
