<?xml version="1.0" encoding="UTF-8"?>
<!-- Generated by org.testng.reporters.JUnitReportReporter -->
<testsuite skipped="0" hostname="Lingtings-MacBook-Air.local" name="com.cs.ui.test.nb.webpage.C8886_WealthPage" tests="1" failures="0" timestamp="16 Aug 2018 21:06:58 GMT" time="20.808" errors="0">
  <testcase name="wealthPageHtml" time="20.808" classname="com.cs.ui.test.nb.webpage.C8886_WealthPage"/>
</testsuite> <!-- com.cs.ui.test.nb.webpage.C8886_WealthPage -->
