<?xml version="1.0" encoding="UTF-8"?>
<!-- Generated by org.testng.reporters.JUnitReportReporter -->
<testsuite skipped="0" hostname="park-047" name="com.cs.ui.test.nb.dashboard.quicktrade.C5510_CadDash" tests="1" failures="0" timestamp="08 May 2018 21:18:18 GMT" time="175.940" errors="0">
  <testcase name="quickTradeCadDash" time="175.940" classname="com.cs.ui.test.nb.dashboard.quicktrade.C5510_CadDash"/>
</testsuite> <!-- com.cs.ui.test.nb.dashboard.quicktrade.C5510_CadDash -->
