<?xml version="1.0" encoding="UTF-8"?>
<!-- Generated by org.testng.reporters.JUnitReportReporter -->
<testsuite skipped="0" hostname="park-047" name="com.test.DebugTestCase" tests="1" failures="0" timestamp="16 May 2018 19:43:09 GMT" time="130.519" errors="0">
  <testcase name="quickTradeCadBtc" time="130.519" classname="com.test.DebugTestCase"/>
</testsuite> <!-- com.test.DebugTestCase -->
