<?xml version="1.0" encoding="UTF-8"?>
<!-- Generated by org.testng.reporters.JUnitReportReporter -->
<testsuite hostname="Lingtings-MacBook-Air.local" failures="0" tests="1" name="com.cs.ui.test.nb.C0000" time="0.068" errors="0" timestamp="14 Mar 2018 17:48:26 GMT" skipped="0">
  <testcase classname="com.cs.ui.test.nb.C0000" name="jasyptTest" time="0.068"/>
</testsuite> <!-- com.cs.ui.test.nb.C0000 -->
