<?xml version="1.0" encoding="UTF-8"?>
<!-- Generated by org.testng.reporters.JUnitReportReporter -->
<testsuite skipped="0" hostname="Lingtings-MacBook-Air.local" name="com.cs.ui.test.nb.dashboard.quicktrade.percent.C5518_UsdLtc_100Percent" tests="1" failures="0" timestamp="02 Aug 2018 15:56:37 GMT" time="168.330" errors="0">
  <testcase name="quickTradeUsdLTC_100Percent" time="168.330" classname="com.cs.ui.test.nb.dashboard.quicktrade.percent.C5518_UsdLtc_100Percent"/>
</testsuite> <!-- com.cs.ui.test.nb.dashboard.quicktrade.percent.C5518_UsdLtc_100Percent -->
