<?xml version="1.0" encoding="UTF-8"?>
<!-- Generated by org.testng.reporters.JUnitReportReporter -->
<testsuite skipped="0" hostname="Lingtings-MacBook-Air.local" name="com.cs.ui.test.nb.webpage.C8893_Contact" tests="1" failures="0" timestamp="16 Aug 2018 21:03:15 GMT" time="6.710" errors="0">
  <testcase name="contactPageHtml" time="6.710" classname="com.cs.ui.test.nb.webpage.C8893_Contact"/>
</testsuite> <!-- com.cs.ui.test.nb.webpage.C8893_Contact -->
