<?xml version="1.0" encoding="UTF-8"?>
<!-- Generated by org.testng.reporters.JUnitReportReporter -->
<testsuite skipped="0" hostname="cabernet-037" name="com.cs.ui.test.nb.dashboard.quicktrade.C5524_BtcDoge" tests="1" failures="0" timestamp="11 May 2018 16:21:44 GMT" time="125.097" errors="0">
  <testcase name="quickTradeBtcDoge" time="125.097" classname="com.cs.ui.test.nb.dashboard.quicktrade.C5524_BtcDoge"/>
</testsuite> <!-- com.cs.ui.test.nb.dashboard.quicktrade.C5524_BtcDoge -->
