<?xml version="1.0" encoding="UTF-8"?>
<!-- Generated by org.testng.reporters.JUnitReportReporter -->
<testsuite skipped="0" hostname="Lingtings-MacBook-Air.local" name="com.cs.ui.test.nb.dashboard.quicktrade.C5502_CadEth" tests="1" failures="0" timestamp="03 Aug 2018 17:24:51 GMT" time="139.625" errors="0">
  <testcase name="quickTradeCadEth" time="139.625" classname="com.cs.ui.test.nb.dashboard.quicktrade.C5502_CadEth"/>
</testsuite> <!-- com.cs.ui.test.nb.dashboard.quicktrade.C5502_CadEth -->
