<?xml version="1.0" encoding="UTF-8"?>
<!-- Generated by org.testng.reporters.JUnitReportReporter -->
<testsuite skipped="0" hostname="Lingtings-MacBook-Air.local" name="com.test.DebugTestCaseVerifyLedger" tests="1" failures="0" timestamp="03 Aug 2018 16:47:41 GMT" time="36.730" errors="0">
  <testcase name="quickTradeCadBtc" time="36.730" classname="com.test.DebugTestCaseVerifyLedger"/>
</testsuite> <!-- com.test.DebugTestCaseVerifyLedger -->
