<?xml version="1.0" encoding="UTF-8"?>
<!-- Generated by org.testng.reporters.JUnitReportReporter -->
<testsuite skipped="0" hostname="cabernet-037" name="com.cs.ui.test.nb.dashboard.quicktrade.C5528_LtcEth" tests="1" failures="0" timestamp="14 May 2018 17:36:35 GMT" time="123.303" errors="0">
  <testcase name="quickTradeLtcEth" time="123.303" classname="com.cs.ui.test.nb.dashboard.quicktrade.C5528_LtcEth"/>
</testsuite> <!-- com.cs.ui.test.nb.dashboard.quicktrade.C5528_LtcEth -->
