<?xml version="1.0" encoding="UTF-8"?>
<!-- Generated by org.testng.reporters.JUnitReportReporter -->
<testsuite skipped="0" hostname="Lingtings-MacBook-Air.local" name="com.cs.ui.test.nb.webpage.C8898_PrivacyPolicy" tests="1" failures="0" timestamp="14 Aug 2018 18:37:02 GMT" time="13.033" errors="0">
  <testcase name="homePageHtml" time="13.033" classname="com.cs.ui.test.nb.webpage.C8898_PrivacyPolicy"/>
</testsuite> <!-- com.cs.ui.test.nb.webpage.C8898_PrivacyPolicy -->
