<?xml version="1.0" encoding="UTF-8"?>
<!-- Generated by org.testng.reporters.JUnitReportReporter -->
<testsuite skipped="0" hostname="Lingtings-MacBook-Air.local" name="com.ui.test.TestLogin" tests="8" failures="0" timestamp="19 Jul 2018 13:36:45 GMT" time="53.939" errors="0">
  <testcase name="loginForgotPwdLink" time="3.379" classname="com.ui.test.TestLogin"/>
  <testcase name="loginWithEmptyPwd" time="4.666" classname="com.ui.test.TestLogin"/>
  <testcase name="loginWithEmptyEmailAndPwd" time="3.966" classname="com.ui.test.TestLogin"/>
  <testcase name="login" time="21.443" classname="com.ui.test.TestLogin"/>
  <testcase name="loginWithEmptyEmail" time="5.367" classname="com.ui.test.TestLogin"/>
  <testcase name="loginWithIncorrectPwd" time="4.877" classname="com.ui.test.TestLogin"/>
  <testcase name="loginWithInvalidEmail" time="5.198" classname="com.ui.test.TestLogin"/>
  <testcase name="loginWithInvalidEmailNoPwd" time="5.043" classname="com.ui.test.TestLogin"/>
</testsuite> <!-- com.ui.test.TestLogin -->
