<?xml version="1.0" encoding="UTF-8"?>
<!-- Generated by org.testng.reporters.JUnitReportReporter -->
<testsuite skipped="0" hostname="coinsquresMBP93" name="com.cs.ui.test.nb.webpage.C8895_About" tests="1" failures="0" timestamp="17 Aug 2018 14:55:42 GMT" time="36.109" errors="0">
  <testcase name="aboutPageHtml" time="36.109" classname="com.cs.ui.test.nb.webpage.C8895_About"/>
</testsuite> <!-- com.cs.ui.test.nb.webpage.C8895_About -->
