<?xml version="1.0" encoding="UTF-8"?>
<!-- Generated by org.testng.reporters.JUnitReportReporter -->
<testsuite skipped="0" hostname="coinsquresMBP93" name="com.cs.ui.test.nb.dashboard.quicktrade.C5504_CadDoge" tests="1" failures="0" timestamp="17 Aug 2018 14:55:42 GMT" time="440.395" errors="0">
  <testcase name="quickTradeCadDoge" time="440.395" classname="com.cs.ui.test.nb.dashboard.quicktrade.C5504_CadDoge"/>
</testsuite> <!-- com.cs.ui.test.nb.dashboard.quicktrade.C5504_CadDoge -->
