<?xml version="1.0" encoding="UTF-8"?>
<!-- Generated by org.testng.reporters.JUnitReportReporter -->
<testsuite skipped="0" hostname="coinsquresMBP93" name="com.cs.ui.test.nb.dashboard.C5479_loginLogout" tests="1" failures="0" timestamp="17 Aug 2018 14:55:43 GMT" time="18.764" errors="0">
  <testcase name="loginLogout" time="18.764" classname="com.cs.ui.test.nb.dashboard.C5479_loginLogout"/>
</testsuite> <!-- com.cs.ui.test.nb.dashboard.C5479_loginLogout -->
