<?xml version="1.0" encoding="UTF-8"?>
<!-- Generated by org.testng.reporters.JUnitReportReporter -->
<testsuite skipped="0" hostname="coinsquresMBP93" name="com.cs.ui.test.nb.dashboard.quicktrade.C5510_CadDash" tests="1" failures="0" timestamp="17 Aug 2018 14:55:42 GMT" time="179.600" errors="0">
  <testcase name="quickTradeCadDash" time="179.600" classname="com.cs.ui.test.nb.dashboard.quicktrade.C5510_CadDash"/>
</testsuite> <!-- com.cs.ui.test.nb.dashboard.quicktrade.C5510_CadDash -->
