<?xml version="1.0" encoding="UTF-8"?>
<!-- Generated by org.testng.reporters.JUnitReportReporter -->
<testsuite skipped="0" hostname="coinsquresMBP93" name="com.cs.ui.test.nb.webpage.C8887_HowItWorks" tests="1" failures="0" timestamp="17 Aug 2018 14:55:42 GMT" time="4.973" errors="0">
  <testcase name="howItWorksHtml" time="4.973" classname="com.cs.ui.test.nb.webpage.C8887_HowItWorks"/>
</testsuite> <!-- com.cs.ui.test.nb.webpage.C8887_HowItWorks -->
