<?xml version="1.0" encoding="UTF-8"?>
<!-- Generated by org.testng.reporters.JUnitReportReporter -->
<testsuite skipped="0" hostname="coinsquresMBP93" name="com.cs.ui.test.nb.dashboard.quicktrade.C5508_BtcLtc" tests="1" failures="0" timestamp="17 Aug 2018 14:55:43 GMT" time="297.338" errors="0">
  <testcase name="quickTradeBtcLtc" time="297.338" classname="com.cs.ui.test.nb.dashboard.quicktrade.C5508_BtcLtc"/>
</testsuite> <!-- com.cs.ui.test.nb.dashboard.quicktrade.C5508_BtcLtc -->
