<?xml version="1.0" encoding="UTF-8"?>
<!-- Generated by org.testng.reporters.JUnitReportReporter -->
<testsuite skipped="0" hostname="coinsquresMBP93" name="com.cs.ui.test.nb.dashboard.quicktrade.C5506_CadBtc" tests="1" failures="0" timestamp="17 Aug 2018 14:55:42 GMT" time="400.196" errors="0">
  <testcase name="quickTradeCadBtc" time="400.196" classname="com.cs.ui.test.nb.dashboard.quicktrade.C5506_CadBtc"/>
</testsuite> <!-- com.cs.ui.test.nb.dashboard.quicktrade.C5506_CadBtc -->
