<?xml version="1.0" encoding="UTF-8"?>
<!-- Generated by org.testng.reporters.JUnitReportReporter -->
<testsuite skipped="0" hostname="coinsquresMBP93" name="com.cs.ui.test.nb.webpage.C8893_Contact" tests="1" failures="0" timestamp="17 Aug 2018 14:55:42 GMT" time="21.022" errors="0">
  <testcase name="contactPageHtml" time="21.022" classname="com.cs.ui.test.nb.webpage.C8893_Contact"/>
</testsuite> <!-- com.cs.ui.test.nb.webpage.C8893_Contact -->
