<?xml version="1.0" encoding="UTF-8"?>
<!-- Generated by org.testng.reporters.JUnitReportReporter -->
<testsuite skipped="0" hostname="coinsquresMBP93" name="com.cs.ui.test.nb.webpage.C8886_WealthPage" tests="1" failures="0" timestamp="17 Aug 2018 14:55:43 GMT" time="20.376" errors="0">
  <testcase name="wealthPageHtml" time="20.376" classname="com.cs.ui.test.nb.webpage.C8886_WealthPage"/>
</testsuite> <!-- com.cs.ui.test.nb.webpage.C8886_WealthPage -->
