<?xml version="1.0" encoding="UTF-8"?>
<!-- Generated by org.testng.reporters.JUnitReportReporter -->
<testsuite skipped="0" hostname="coinsquresMBP93" name="com.cs.ui.test.nb.dashboard.quicktrade.C5502_CadEth" tests="1" failures="0" timestamp="17 Aug 2018 14:55:42 GMT" time="425.939" errors="0">
  <testcase name="quickTradeCadEth" time="425.939" classname="com.cs.ui.test.nb.dashboard.quicktrade.C5502_CadEth"/>
</testsuite> <!-- com.cs.ui.test.nb.dashboard.quicktrade.C5502_CadEth -->
