<?xml version="1.0" encoding="UTF-8"?>
<!-- Generated by org.testng.reporters.JUnitReportReporter -->
<testsuite skipped="0" hostname="coinsquresMBP93" name="com.cs.ui.test.nb.webpage.C8899_AMLPolicy" tests="1" failures="0" timestamp="17 Aug 2018 14:55:43 GMT" time="12.471" errors="0">
  <testcase name="amlPolicyHtml" time="12.471" classname="com.cs.ui.test.nb.webpage.C8899_AMLPolicy"/>
</testsuite> <!-- com.cs.ui.test.nb.webpage.C8899_AMLPolicy -->
