<?xml version="1.0" encoding="UTF-8"?>
<!-- Generated by org.testng.reporters.JUnitReportReporter -->
<testsuite skipped="0" hostname="coinsquresMBP93" name="com.cs.ui.test.nb.dashboard.quicktrade.C5507_CadUsd" tests="1" failures="0" timestamp="17 Aug 2018 14:55:42 GMT" time="191.517" errors="0">
  <testcase name="quickTradeCadUsd" time="191.517" classname="com.cs.ui.test.nb.dashboard.quicktrade.C5507_CadUsd"/>
</testsuite> <!-- com.cs.ui.test.nb.dashboard.quicktrade.C5507_CadUsd -->
