<?xml version="1.0" encoding="UTF-8"?>
<!-- Generated by org.testng.reporters.JUnitReportReporter -->
<testsuite skipped="0" hostname="coinsquresMBP93" name="com.cs.ui.test.nb.dashboard.quicktrade.C5503_CadLtc" tests="1" failures="0" timestamp="17 Aug 2018 14:55:42 GMT" time="175.231" errors="0">
  <testcase name="quickTradeCadLtc" time="175.231" classname="com.cs.ui.test.nb.dashboard.quicktrade.C5503_CadLtc"/>
</testsuite> <!-- com.cs.ui.test.nb.dashboard.quicktrade.C5503_CadLtc -->
