<?xml version="1.0" encoding="UTF-8"?>
<!-- Generated by org.testng.reporters.JUnitReportReporter -->
<testsuite skipped="0" hostname="coinsquresMBP93" name="com.cs.ui.test.nb.dashboard.quicktrade.percent.C5518_UsdLtc_100Percent" tests="1" failures="0" timestamp="17 Aug 2018 14:55:42 GMT" time="206.376" errors="0">
  <testcase name="quickTradeUsdLTC_100Percent" time="206.376" classname="com.cs.ui.test.nb.dashboard.quicktrade.percent.C5518_UsdLtc_100Percent"/>
</testsuite> <!-- com.cs.ui.test.nb.dashboard.quicktrade.percent.C5518_UsdLtc_100Percent -->
