<?xml version="1.0" encoding="UTF-8"?>
<!-- Generated by org.testng.reporters.JUnitReportReporter -->
<testsuite skipped="0" hostname="coinsquresMBP93" name="com.cs.ui.test.nb.webpage.C8898_PrivacyPolicy" tests="1" failures="0" timestamp="17 Aug 2018 14:55:43 GMT" time="5.153" errors="0">
  <testcase name="privacyPolicyHtml" time="5.153" classname="com.cs.ui.test.nb.webpage.C8898_PrivacyPolicy"/>
</testsuite> <!-- com.cs.ui.test.nb.webpage.C8898_PrivacyPolicy -->
