<?xml version="1.0" encoding="UTF-8"?>
<!-- Generated by org.testng.reporters.JUnitReportReporter -->
<testsuite skipped="0" hostname="coinsquresMBP93" name="com.cs.ui.test.nb.dashboard.quicktrade.C5524_BtcDoge" tests="1" failures="0" timestamp="17 Aug 2018 14:55:42 GMT" time="483.599" errors="0">
  <testcase name="quickTradeBtcDoge" time="483.599" classname="com.cs.ui.test.nb.dashboard.quicktrade.C5524_BtcDoge"/>
</testsuite> <!-- com.cs.ui.test.nb.dashboard.quicktrade.C5524_BtcDoge -->
